<?xml version="1.0" encoding="UTF-8"?>
<!-- Generated by org.testng.reporters.JUnitReportReporter -->
<testsuite hostname="mtr" failures="0" tests="1" name="Sim_automation.InvoiceCreation" time="21.799" errors="0" timestamp="2025-01-27T14:04:19 IST" skipped="0">
  <testcase classname="Sim_automation.InvoiceCreation" name="invoiceform" time="21.799"/>
  <system-out/>
</testsuite> <!-- Sim_automation.InvoiceCreation -->
