<?xml version="1.0" encoding="UTF-8"?>
<!-- Generated by org.testng.reporters.JUnitReportReporter -->
<testsuite hostname="tacktile-All-Series" failures="0" tests="1" name="Sim_automation.Login" time="14.740" errors="0" timestamp="2024-11-08T18:23:20 IST" skipped="0">
  <testcase classname="Sim_automation.Login" name="logindata" time="14.740"/>
  <system-out/>
</testsuite> <!-- Sim_automation.Login -->
