<?xml version="1.0" encoding="UTF-8"?>
<!-- Generated by org.testng.reporters.JUnitReportReporter -->
<testsuite hostname="mtr" failures="0" tests="1" name="Sim_automation.Login" time="16.199" errors="0" timestamp="2024-12-09T18:03:24 IST" skipped="0">
  <testcase classname="Sim_automation.Login" name="logindata" time="16.199"/>
  <system-out/>
</testsuite> <!-- Sim_automation.Login -->
