<?xml version="1.0" encoding="UTF-8"?>
<!-- Generated by org.testng.reporters.JUnitReportReporter -->
<testsuite hostname="mtr" failures="0" tests="1" name="Sim_automation.PaymentPaidCreation" time="17.807" errors="0" timestamp="2025-01-15T15:40:13 IST" skipped="0">
  <testcase classname="Sim_automation.PaymentPaidCreation" name="paymentPecivedForm" time="17.807"/>
  <system-out/>
</testsuite> <!-- Sim_automation.PaymentPaidCreation -->
