<?xml version="1.0" encoding="UTF-8"?>
<!-- Generated by org.testng.reporters.JUnitReportReporter -->
<testsuite hostname="mtr" failures="0" tests="1" name="Sim_automation.PurchaseCreation" time="21.643" errors="0" timestamp="2024-12-18T17:46:16 IST" skipped="0">
  <testcase classname="Sim_automation.PurchaseCreation" name="Purchaseform" time="21.643"/>
  <system-out/>
</testsuite> <!-- Sim_automation.PurchaseCreation -->
