<?xml version="1.0" encoding="UTF-8"?>
<!-- Generated by org.testng.reporters.JUnitReportReporter -->
<testsuite hostname="mtr" failures="0" tests="1" name="Sim_automation.InvoiceCreation" time="18.285" errors="0" timestamp="2024-12-13T18:25:46 IST" skipped="0">
  <testcase classname="Sim_automation.InvoiceCreation" name="invoiceform" time="18.285"/>
  <system-out/>
</testsuite> <!-- Sim_automation.InvoiceCreation -->
