<?xml version="1.0" encoding="UTF-8"?>
<!-- Generated by org.testng.reporters.JUnitReportReporter -->
<testsuite hostname="tacktile-All-Series" failures="0" tests="1" name="Sim_automation.InvoiceCreation" time="40.133" errors="0" timestamp="2024-06-27T17:59:21 IST" skipped="0">
  <testcase classname="Sim_automation.InvoiceCreation" name="invoiceform" time="40.133"/>
</testsuite> <!-- Sim_automation.InvoiceCreation -->
