<?xml version="1.0" encoding="UTF-8"?>
<!-- Generated by org.testng.reporters.JUnitReportReporter -->
<testsuite hostname="mtr" failures="0" tests="1" name="Sim_automation.InvoicCreationdummy" time="29.250" errors="0" timestamp="2024-12-06T18:27:49 IST" skipped="0">
  <testcase classname="Sim_automation.InvoicCreationdummy" name="invoiceform" time="29.250"/>
  <system-out/>
</testsuite> <!-- Sim_automation.InvoicCreationdummy -->
