<?xml version="1.0" encoding="UTF-8"?>
<!-- Generated by org.testng.reporters.JUnitReportReporter -->
<testsuite hostname="mtr" failures="0" tests="1" name="Sim_automation.PaymentReceivedCreation" time="14.369" errors="0" timestamp="2025-01-15T15:40:13 IST" skipped="0">
  <testcase classname="Sim_automation.PaymentReceivedCreation" name="paymentRecivedForm" time="14.369"/>
  <system-out/>
</testsuite> <!-- Sim_automation.PaymentReceivedCreation -->
