<?xml version="1.0" encoding="UTF-8"?>
<!-- Generated by org.testng.reporters.JUnitReportReporter -->
<testsuite hostname="tacktile-All-Series" failures="0" tests="1" name="Sim_automation.SaleOrderCreation" time="22.276" errors="0" timestamp="2024-07-19T18:15:24 IST" skipped="0">
  <testcase classname="Sim_automation.SaleOrderCreation" name="saleOrderform" time="22.276"/>
</testsuite> <!-- Sim_automation.SaleOrderCreation -->
