<?xml version="1.0" encoding="UTF-8"?>
<!-- Generated by org.testng.reporters.JUnitReportReporter -->
<testsuite hostname="tacktile-All-Series" failures="0" tests="1" name="Sim_automation.EstimateCreation" time="20.834" errors="0" timestamp="2024-11-08T15:23:37 IST" skipped="0">
  <testcase classname="Sim_automation.EstimateCreation" name="estimateform" time="20.834"/>
  <system-out/>
</testsuite> <!-- Sim_automation.EstimateCreation -->
