<?xml version="1.0" encoding="UTF-8"?>
<!-- Generated by org.testng.reporters.JUnitReportReporter -->
<testsuite hostname="tacktile-All-Series" failures="0" tests="1" name="Sim_automation.PaymentReceivedCreation" time="21.611" errors="0" timestamp="2024-11-04T15:34:40 IST" skipped="0">
  <testcase classname="Sim_automation.PaymentReceivedCreation" name="paymentRecivedForm" time="21.611"/>
  <system-out/>
</testsuite> <!-- Sim_automation.PaymentReceivedCreation -->
