<?xml version="1.0" encoding="UTF-8"?>
<!-- Generated by org.testng.reporters.JUnitReportReporter -->
<testsuite hostname="mtr" failures="0" tests="1" name="Sim_automation.PaymentPaidCreation" time="0.000" errors="0" timestamp="2024-12-02T18:14:15 IST" skipped="1">
  <testcase classname="Sim_automation.PaymentPaidCreation" name="paymentPecivedForm" time="0.000">
    <skipped/>
  </testcase> <!-- paymentPecivedForm -->
  <system-out/>
</testsuite> <!-- Sim_automation.PaymentPaidCreation -->
