<?xml version="1.0" encoding="UTF-8"?>
<!-- Generated by org.testng.reporters.JUnitReportReporter -->
<testsuite hostname="tacktile-All-Series" failures="0" tests="1" name="Sim_automation.PaymentPaidCreation" time="16.458" errors="0" timestamp="2024-08-16T17:58:54 IST" skipped="0">
  <testcase classname="Sim_automation.PaymentPaidCreation" name="paymentPecivedForm" time="16.458"/>
</testsuite> <!-- Sim_automation.PaymentPaidCreation -->
