<?xml version="1.0" encoding="UTF-8"?>
<!-- Generated by org.testng.reporters.JUnitReportReporter -->
<testsuite hostname="tacktile-All-Series" failures="0" tests="1" name="Sim_automation.PurchaseOrderCreation" time="13.572" errors="0" timestamp="2024-10-31T17:44:02 IST" skipped="0">
  <testcase classname="Sim_automation.PurchaseOrderCreation" name="purchaseOrderform" time="13.572"/>
  <system-out/>
</testsuite> <!-- Sim_automation.PurchaseOrderCreation -->
