<?xml version="1.0" encoding="UTF-8"?>
<!-- Generated by org.testng.reporters.JUnitReportReporter -->
<testsuite hostname="tacktile-All-Series" failures="0" tests="1" name="Sim_automation.InvoiceCreation" time="22.461" errors="0" timestamp="2024-08-07T18:39:48 IST" skipped="0">
  <testcase classname="Sim_automation.InvoiceCreation" name="invoiceform" time="22.461"/>
</testsuite> <!-- Sim_automation.InvoiceCreation -->
