<?xml version="1.0" encoding="UTF-8"?>
<!-- Generated by org.testng.reporters.JUnitReportReporter -->
<testsuite hostname="tacktile-All-Series" failures="0" tests="1" name="Sim_automation.PurchaseCreation" time="22.337" errors="0" timestamp="2024-07-16T15:43:40 IST" skipped="0">
  <testcase classname="Sim_automation.PurchaseCreation" name="invoiceform" time="22.337"/>
</testsuite> <!-- Sim_automation.PurchaseCreation -->
