<?xml version="1.0" encoding="UTF-8"?>
<!-- Generated by org.testng.reporters.JUnitReportReporter -->
<testsuite hostname="tacktile-All-Series" failures="0" tests="1" name="Sim_automation.PurchaseCreation" time="22.502" errors="0" timestamp="2024-07-19T18:15:24 IST" skipped="0">
  <testcase classname="Sim_automation.PurchaseCreation" name="purchaseform" time="22.502"/>
</testsuite> <!-- Sim_automation.PurchaseCreation -->
