<?xml version="1.0" encoding="UTF-8"?>
<!-- Generated by org.testng.reporters.JUnitReportReporter -->
<testsuite hostname="tacktile-All-Series" failures="0" tests="1" name="Sim_automation.SaleOrderCreation" time="22.413" errors="0" timestamp="2024-08-07T18:39:48 IST" skipped="0">
  <testcase classname="Sim_automation.SaleOrderCreation" name="saleOrderform" time="22.413"/>
</testsuite> <!-- Sim_automation.SaleOrderCreation -->
