<?xml version="1.0" encoding="UTF-8"?>
<!-- Generated by org.testng.reporters.JUnitReportReporter -->
<testsuite hostname="mtr" failures="0" tests="1" name="Sim_automation.PurchaseCreation" time="19.869" errors="0" timestamp="2024-12-17T18:40:18 IST" skipped="0">
  <testcase classname="Sim_automation.PurchaseCreation" name="Purchaseform" time="19.869"/>
  <system-out/>
</testsuite> <!-- Sim_automation.PurchaseCreation -->
