<?xml version="1.0" encoding="UTF-8"?>
<!-- Generated by org.testng.reporters.JUnitReportReporter -->
<testsuite hostname="mtr" failures="0" tests="1" name="Sim_automation.Login" time="21.064" errors="0" timestamp="2024-12-19T17:29:00 IST" skipped="0">
  <testcase classname="Sim_automation.Login" name="logindata" time="21.064"/>
  <system-out/>
</testsuite> <!-- Sim_automation.Login -->
