<?xml version="1.0" encoding="UTF-8"?>
<!-- Generated by org.testng.reporters.JUnitReportReporter -->
<testsuite hostname="mtr" failures="0" tests="1" name="Sim_automation.PurchaseOrderCreationdummy" time="17.442" errors="0" timestamp="2024-12-18T11:27:30 IST" skipped="0">
  <testcase classname="Sim_automation.PurchaseOrderCreationdummy" name="PurchaseOrderform" time="17.442"/>
  <system-out/>
</testsuite> <!-- Sim_automation.PurchaseOrderCreationdummy -->
