<?xml version="1.0" encoding="UTF-8"?>
<!-- Generated by org.testng.reporters.JUnitReportReporter -->
<testsuite hostname="mtr" failures="0" tests="1" name="Sim_automation.EstimateCreation" time="0.000" errors="0" timestamp="2024-12-02T18:14:15 IST" skipped="1">
  <testcase classname="Sim_automation.EstimateCreation" name="estimateform" time="0.000">
    <skipped/>
  </testcase> <!-- estimateform -->
  <system-out/>
</testsuite> <!-- Sim_automation.EstimateCreation -->
