<?xml version="1.0" encoding="UTF-8"?>
<!-- Generated by org.testng.reporters.JUnitReportReporter -->
<testsuite hostname="mtr" failures="0" tests="1" name="Sim_automation.Login" time="15.579" errors="0" timestamp="2025-01-29T17:42:29 IST" skipped="0">
  <testcase classname="Sim_automation.Login" name="logindata" time="15.579"/>
  <system-out/>
</testsuite> <!-- Sim_automation.Login -->
