<?xml version="1.0" encoding="UTF-8"?>
<!-- Generated by org.testng.reporters.JUnitReportReporter -->
<testsuite hostname="mtr" failures="0" tests="1" name="Sim_automation.Login" time="14.172" errors="0" timestamp="2024-12-11T10:59:14 IST" skipped="0">
  <testcase classname="Sim_automation.Login" name="logindata" time="14.172"/>
  <system-out/>
</testsuite> <!-- Sim_automation.Login -->
