<?xml version="1.0" encoding="UTF-8"?>
<!-- Generated by org.testng.reporters.JUnitReportReporter -->
<testsuite hostname="tacktile-All-Series" failures="0" tests="1" name="Sim_automation.EstimateCreation" time="19.105" errors="0" timestamp="2024-08-13T18:10:26 IST" skipped="0">
  <testcase classname="Sim_automation.EstimateCreation" name="estimateform" time="19.105"/>
</testsuite> <!-- Sim_automation.EstimateCreation -->
