<?xml version="1.0" encoding="UTF-8"?>
<!-- Generated by org.testng.reporters.JUnitReportReporter -->
<testsuite hostname="mtr" failures="0" tests="1" name="Sim_automation.PurchaseCreation" time="24.538" errors="0" timestamp="2024-12-19T18:32:06 IST" skipped="0">
  <testcase classname="Sim_automation.PurchaseCreation" name="Purchaseform" time="24.538"/>
  <system-out/>
</testsuite> <!-- Sim_automation.PurchaseCreation -->
