<?xml version="1.0" encoding="UTF-8"?>
<!-- Generated by org.testng.reporters.JUnitReportReporter -->
<testsuite hostname="mtr" failures="0" tests="1" name="Sim_automation.InvoicCreationdummy" time="18.114" errors="0" timestamp="2024-12-12T16:31:33 IST" skipped="0">
  <testcase classname="Sim_automation.InvoicCreationdummy" name="invoiceform" time="18.114"/>
  <system-out/>
</testsuite> <!-- Sim_automation.InvoicCreationdummy -->
