<?xml version="1.0" encoding="UTF-8"?>
<!-- Generated by org.testng.reporters.JUnitReportReporter -->
<testsuite hostname="tacktile-All-Series" failures="0" tests="1" name="Sim_automation.PurchaseCreation" time="22.774" errors="0" timestamp="2024-08-07T18:39:48 IST" skipped="0">
  <testcase classname="Sim_automation.PurchaseCreation" name="purchaseform" time="22.774"/>
</testsuite> <!-- Sim_automation.PurchaseCreation -->
