<?xml version="1.0" encoding="UTF-8"?>
<!-- Generated by org.testng.reporters.JUnitReportReporter -->
<testsuite hostname="mtr" failures="0" tests="1" name="Sim_automation.LogOut" time="6.272" errors="0" timestamp="2024-12-19T18:32:06 IST" skipped="0">
  <testcase classname="Sim_automation.LogOut" name="logOutdata" time="6.272"/>
  <system-out/>
</testsuite> <!-- Sim_automation.LogOut -->
