<?xml version="1.0" encoding="UTF-8"?>
<!-- Generated by org.testng.reporters.JUnitReportReporter -->
<testsuite hostname="mtr" failures="0" tests="1" name="Sim_automation.SaleOrderCreationdummy" time="16.560" errors="0" timestamp="2024-12-18T14:22:34 IST" skipped="0">
  <testcase classname="Sim_automation.SaleOrderCreationdummy" name="SaleOrderform" time="16.560"/>
  <system-out/>
</testsuite> <!-- Sim_automation.SaleOrderCreationdummy -->
