<?xml version="1.0" encoding="UTF-8"?>
<!-- Generated by org.testng.reporters.JUnitReportReporter -->
<testsuite hostname="tacktile-All-Series" failures="0" tests="1" name="Sim_automation.PurchaseCreation" time="22.802" errors="0" timestamp="2024-10-31T17:44:02 IST" skipped="0">
  <testcase classname="Sim_automation.PurchaseCreation" name="purchaseform" time="22.802"/>
  <system-out/>
</testsuite> <!-- Sim_automation.PurchaseCreation -->
