<?xml version="1.0" encoding="UTF-8"?>
<!-- Generated by org.testng.reporters.JUnitReportReporter -->
<testsuite hostname="mtr" failures="0" tests="1" name="Sim_automation.SaleOrderCreation" time="16.122" errors="0" timestamp="2025-01-29T17:42:29 IST" skipped="0">
  <testcase classname="Sim_automation.SaleOrderCreation" name="SaleOrderform" time="16.122"/>
  <system-out/>
</testsuite> <!-- Sim_automation.SaleOrderCreation -->
