<?xml version="1.0" encoding="UTF-8"?>
<!-- Generated by org.testng.reporters.JUnitReportReporter -->
<testsuite hostname="mtr" failures="0" tests="1" name="Sim_automation.PurchaseCreationdummy" time="19.970" errors="0" timestamp="2024-12-17T17:54:45 IST" skipped="0">
  <testcase classname="Sim_automation.PurchaseCreationdummy" name="Purchaseform" time="19.970"/>
  <system-out/>
</testsuite> <!-- Sim_automation.PurchaseCreationdummy -->
