<?xml version="1.0" encoding="UTF-8"?>
<!-- Generated by org.testng.reporters.JUnitReportReporter -->
<testsuite hostname="mtr" failures="0" tests="1" name="Sim_automation.PurchaseOrderCreation" time="17.444" errors="0" timestamp="2024-12-19T17:29:00 IST" skipped="0">
  <testcase classname="Sim_automation.PurchaseOrderCreation" name="PurchaseOrderform" time="17.444"/>
  <system-out/>
</testsuite> <!-- Sim_automation.PurchaseOrderCreation -->
