<?xml version="1.0" encoding="UTF-8"?>
<!-- Generated by org.testng.reporters.JUnitReportReporter -->
<testsuite hostname="mtr" failures="0" tests="1" name="Sim_automation.EstimateCreation" time="20.003" errors="0" timestamp="2024-11-26T18:17:34 IST" skipped="0">
  <testcase classname="Sim_automation.EstimateCreation" name="estimateform" time="20.003"/>
  <system-out/>
</testsuite> <!-- Sim_automation.EstimateCreation -->
