<?xml version="1.0" encoding="UTF-8"?>
<!-- Generated by org.testng.reporters.JUnitReportReporter -->
<testsuite hostname="mtr" failures="0" tests="1" name="Sim_automation.PurchaseOrderCreation" time="17.623" errors="0" timestamp="2024-12-18T17:46:16 IST" skipped="0">
  <testcase classname="Sim_automation.PurchaseOrderCreation" name="PurchaseOrderform" time="17.623"/>
  <system-out/>
</testsuite> <!-- Sim_automation.PurchaseOrderCreation -->
