<?xml version="1.0" encoding="UTF-8"?>
<!-- Generated by org.testng.reporters.JUnitReportReporter -->
<testsuite hostname="mtr" failures="0" tests="1" name="Sim_automation.Login" time="14.162" errors="0" timestamp="2024-12-04T15:01:38 IST" skipped="0">
  <testcase classname="Sim_automation.Login" name="logindata" time="14.162"/>
  <system-out/>
</testsuite> <!-- Sim_automation.Login -->
