<?xml version="1.0" encoding="UTF-8"?>
<!-- Generated by org.testng.reporters.JUnitReportReporter -->
<testsuite hostname="tacktile-All-Series" failures="0" tests="1" name="Sim_automation.PaymentPaidCreation" time="23.230" errors="0" timestamp="2024-11-08T15:23:37 IST" skipped="0">
  <testcase classname="Sim_automation.PaymentPaidCreation" name="paymentPecivedForm" time="23.230"/>
  <system-out/>
</testsuite> <!-- Sim_automation.PaymentPaidCreation -->
