<?xml version="1.0" encoding="UTF-8"?>
<!-- Generated by org.testng.reporters.JUnitReportReporter -->
<testsuite hostname="mtr" failures="0" tests="1" name="Sim_automation.EstimateCreationdummy" time="17.939" errors="0" timestamp="2024-12-18T15:23:42 IST" skipped="0">
  <testcase classname="Sim_automation.EstimateCreationdummy" name="Estimateform" time="17.939"/>
  <system-out/>
</testsuite> <!-- Sim_automation.EstimateCreationdummy -->
